[2021-02-14 04:26:17] [javac-extractor-17256] [WARN] Appending source destination directory G:\nodejs\android-security\repo\android-RELEASE_4.2\build\generated\ap_generated_sources\debugTest\out to sourcepath
[2021-02-14 04:26:17] [javac-extractor-17256] Starting extraction for:
                                              sun.java.command=com.semmle.extractor.java.JavaExtractor --jdk-version -1 --javac-args @@@G:\nodejs\android-security\repo\android-RELEASE_4.2\irccloud\log\ext\javac-3.args
                                              user.dir=G:\nodejs\android-security\repo\android-RELEASE_4.2
[2021-02-14 04:26:24] [javac-extractor-17256] Processing file G:\nodejs\android-security\repo\android-RELEASE_4.2\build\generated\data_binding_base_class_source_out\debugTest\out\com\irccloud\android\databinding\RowUserBinding.java
[2021-02-14 04:26:24] [javac-extractor-17256] Processing file G:\nodejs\android-security\repo\android-RELEASE_4.2\build\generated\data_binding_base_class_source_out\debugTest\out\com\irccloud\android\databinding\RowBufferBinding.java
[2021-02-14 04:26:25] [javac-extractor-17256] Processing file G:\nodejs\android-security\repo\android-RELEASE_4.2\build\generated\data_binding_base_class_source_out\debugTest\out\com\irccloud\android\databinding\RowAcceptlistBinding.java
[2021-02-14 04:26:25] [javac-extractor-17256] Processing file G:\nodejs\android-security\repo\android-RELEASE_4.2\build\generated\data_binding_base_class_source_out\debugTest\out\com\irccloud\android\databinding\RowChannelBinding.java
[2021-02-14 04:26:26] [javac-extractor-17256] Processing file G:\nodejs\android-security\repo\android-RELEASE_4.2\build\generated\data_binding_base_class_source_out\debugTest\out\com\irccloud\android\databinding\RowChannelmodeBinding.java
[2021-02-14 04:26:26] [javac-extractor-17256] Processing file G:\nodejs\android-security\repo\android-RELEASE_4.2\build\generated\data_binding_base_class_source_out\debugTest\out\com\irccloud\android\databinding\RowHostmaskBinding.java
[2021-02-14 04:26:26] [javac-extractor-17256] Processing file G:\nodejs\android-security\repo\android-RELEASE_4.2\build\generated\data_binding_base_class_source_out\debugTest\out\com\irccloud\android\databinding\RowWhoBinding.java
[2021-02-14 04:26:26] [javac-extractor-17256] Processing file G:\nodejs\android-security\repo\android-RELEASE_4.2\build\generated\data_binding_base_class_source_out\debugTest\out\com\irccloud\android\databinding\RowWhowasBinding.java
[2021-02-14 04:26:27] [javac-extractor-17256] Processing file G:\nodejs\android-security\repo\android-RELEASE_4.2\build\generated\source\buildConfig\debugTest\com\irccloud\android\BuildConfig.java
[2021-02-14 04:26:27] [javac-extractor-17256] Processing file G:\nodejs\android-security\repo\android-RELEASE_4.2\build\generated\data_binding_trigger\debugTest\com\irccloud\android\DataBindingTriggerClass.java
[2021-02-14 04:26:27] [javac-extractor-17256] Processing file G:\nodejs\android-security\repo\android-RELEASE_4.2\build\generated\data_binding_base_class_source_out\debugTest\out\com\irccloud\android\databinding\RowExportBinding.java
[2021-02-14 04:26:27] [javac-extractor-17256] Processing file G:\nodejs\android-security\repo\android-RELEASE_4.2\build\generated\data_binding_base_class_source_out\debugTest\out\com\irccloud\android\databinding\RowPastebinBinding.java
[2021-02-14 04:26:28] [javac-extractor-17256] Processing file G:\nodejs\android-security\repo\android-RELEASE_4.2\build\generated\ap_generated_sources\debugTest\out\com\irccloud\android\data\model\RecentConversation_Table.java
[2021-02-14 04:26:28] [javac-extractor-17256] Processing file G:\nodejs\android-security\repo\android-RELEASE_4.2\build\generated\ap_generated_sources\debugTest\out\com\irccloud\android\BR.java
[2021-02-14 04:26:28] [javac-extractor-17256] Processing file G:\nodejs\android-security\repo\android-RELEASE_4.2\build\generated\ap_generated_sources\debugTest\out\com\irccloud\android\data\model\BackgroundTask_Table.java
[2021-02-14 04:26:29] [javac-extractor-17256] Processing file G:\nodejs\android-security\repo\android-RELEASE_4.2\build\generated\ap_generated_sources\debugTest\out\com\irccloud\android\data\model\LogExport_Table.java
[2021-02-14 04:26:29] [javac-extractor-17256] Processing file G:\nodejs\android-security\repo\android-RELEASE_4.2\build\generated\ap_generated_sources\debugTest\out\com\irccloud\android\data\model\Notification_Table.java
[2021-02-14 04:26:30] [javac-extractor-17256] Processing file G:\nodejs\android-security\repo\android-RELEASE_4.2\build\generated\ap_generated_sources\debugTest\out\com\irccloud\android\data\model\Notification_LastSeenEID_Table.java
[2021-02-14 04:26:30] [javac-extractor-17256] Processing file G:\nodejs\android-security\repo\android-RELEASE_4.2\build\generated\ap_generated_sources\debugTest\out\com\irccloud\android\data\model\Notification_ServerNick_Table.java
[2021-02-14 04:26:31] [javac-extractor-17256] Processing file G:\nodejs\android-security\repo\android-RELEASE_4.2\build\generated\ap_generated_sources\debugTest\out\android\databinding\DataBindingComponent.java
[2021-02-14 04:26:31] [javac-extractor-17256] Javac init time: 4.0s
[2021-02-14 04:26:31] [javac-extractor-17256] Javac attr time: 2.4s
[2021-02-14 04:26:31] [javac-extractor-17256] Extractor time: 7.0s
[2021-02-14 04:26:31] [javac-extractor-17256] Other time: 0.7s
[2021-02-14 04:26:31] [javac-extractor-17256] Total time: 14.1s
